<?xml version="1.0" encoding="UTF-8"?>
<testng-results ignored="0" total="1" passed="1" failed="0" skipped="0">
  <reporter-output>
  </reporter-output>
  <suite started-at="2024-04-20T17:13:21 CEST" name="Surefire suite" finished-at="2024-04-20T17:13:21 CEST" duration-ms="57">
    <groups>
    </groups>
    <test started-at="2024-04-20T17:13:21 CEST" name="Surefire test" finished-at="2024-04-20T17:13:21 CEST" duration-ms="57">
      <class name="testing_bytestNG.Test_New1">
        <test-method signature="f()[pri:0, instance:testing_bytestNG.Test_New1@161b062a]" started-at="2024-04-20T17:13:21 CEST" name="f" finished-at="2024-04-20T17:13:21 CEST" duration-ms="7" status="PASS">
          <reporter-output>
          </reporter-output>
        </test-method> <!-- f -->
      </class> <!-- testing_bytestNG.Test_New1 -->
    </test> <!-- Surefire test -->
  </suite> <!-- Surefire suite -->
</testng-results>
