<?xml version="1.0" encoding="UTF-8"?>
<testng-results ignored="0" total="1" passed="1" failed="0" skipped="0">
  <reporter-output>
  </reporter-output>
  <suite started-at="2024-04-20T11:57:34 CEST" name="Default suite" finished-at="2024-04-20T11:57:35 CEST" duration-ms="89">
    <groups>
    </groups>
    <test started-at="2024-04-20T11:57:34 CEST" name="Default test" finished-at="2024-04-20T11:57:35 CEST" duration-ms="89">
      <class name="testing_bytestNG.NewTest1">
        <test-method signature="f()[pri:0, instance:testing_bytestNG.NewTest1@659a969b]" started-at="2024-04-20T11:57:35 CEST" name="f" finished-at="2024-04-20T11:57:35 CEST" duration-ms="17" status="PASS">
          <reporter-output>
          </reporter-output>
        </test-method> <!-- f -->
      </class> <!-- testing_bytestNG.NewTest1 -->
    </test> <!-- Default test -->
  </suite> <!-- Default suite -->
</testng-results>
