<?xml version="1.0" encoding="UTF-8"?>
<testng-results ignored="0" total="2" passed="2" failed="0" skipped="0">
  <reporter-output>
  </reporter-output>
  <suite started-at="2024-04-28T12:46:33 CEST" name="Default suite" finished-at="2024-04-28T12:46:33 CEST" duration-ms="81">
    <groups>
    </groups>
    <test started-at="2024-04-28T12:46:33 CEST" name="Default test" finished-at="2024-04-28T12:46:33 CEST" duration-ms="81">
      <class name="testing_bytestNG.Test_New1">
        <test-method signature="f()[pri:0, instance:testing_bytestNG.Test_New1@1d119efb]" started-at="2024-04-28T12:46:33 CEST" name="f" finished-at="2024-04-28T12:46:33 CEST" duration-ms="7" status="PASS">
          <reporter-output>
          </reporter-output>
        </test-method> <!-- f -->
        <test-method signature="f2()[pri:0, instance:testing_bytestNG.Test_New1@1d119efb]" started-at="2024-04-28T12:46:33 CEST" name="f2" finished-at="2024-04-28T12:46:33 CEST" duration-ms="27" status="PASS">
          <reporter-output>
          </reporter-output>
        </test-method> <!-- f2 -->
      </class> <!-- testing_bytestNG.Test_New1 -->
    </test> <!-- Default test -->
  </suite> <!-- Default suite -->
</testng-results>
